c:\users\matth\documents\visual studio 2012\projects\api hooking\api hooking\debug\main.obj
c:\users\matth\documents\visual studio 2012\projects\api hooking\api hooking\debug\vc110.pdb
c:\hacks\hook.ilk
c:\hacks\hook.dll
c:\hacks\hook.pdb
c:\users\matth\documents\github\api-hooking-virus\api hooking\api hooking\debug\vc141.pdb
c:\users\matth\documents\github\api-hooking-virus\api hooking\api hooking\debug\vc141.idb
c:\users\matth\documents\github\api-hooking-virus\api hooking\api hooking\debug\main.obj
c:\users\matth\documents\github\api-hooking-virus\api hooking\api hooking\debug\cl.command.1.tlog
c:\users\matth\documents\github\api-hooking-virus\api hooking\api hooking\debug\cl.read.1.tlog
c:\users\matth\documents\github\api-hooking-virus\api hooking\api hooking\debug\cl.write.1.tlog
c:\users\matth\documents\github\api-hooking-virus\api hooking\api hooking\debug\link-cvtres.read.1.tlog
c:\users\matth\documents\github\api-hooking-virus\api hooking\api hooking\debug\link-cvtres.write.1.tlog
c:\users\matth\documents\github\api-hooking-virus\api hooking\api hooking\debug\link-rc.read.1.tlog
c:\users\matth\documents\github\api-hooking-virus\api hooking\api hooking\debug\link-rc.write.1.tlog
c:\users\matth\documents\github\api-hooking-virus\api hooking\api hooking\debug\link.command.1.tlog
c:\users\matth\documents\github\api-hooking-virus\api hooking\api hooking\debug\link.read.1.tlog
c:\users\matth\documents\github\api-hooking-virus\api hooking\api hooking\debug\link.write.1.tlog
c:\users\matth\documents\github\api-hooking-virus\api hooking\api hooking\debug\vc110.idb
c:\users\matth\documents\github\api-hooking-virus\api hooking\api hooking\debug\vc110.pdb
c:/hacks/hook.pdb
c:/hacks/hook.dll
c:/hacks/hook.ilk
c:\users\matth\documents\github\api-hooking-virus\api hooking\api hooking\debug\api hooking.tlog\cl.command.1.tlog
c:\users\matth\documents\github\api-hooking-virus\api hooking\api hooking\debug\api hooking.tlog\cl.read.1.tlog
c:\users\matth\documents\github\api-hooking-virus\api hooking\api hooking\debug\api hooking.tlog\cl.write.1.tlog
c:\users\matth\documents\github\api-hooking-virus\api hooking\api hooking\debug\api hooking.tlog\link.command.1.tlog
c:\users\matth\documents\github\api-hooking-virus\api hooking\api hooking\debug\api hooking.tlog\link.delete.1.tlog
c:\users\matth\documents\github\api-hooking-virus\api hooking\api hooking\debug\api hooking.tlog\link.read.1.tlog
c:\users\matth\documents\github\api-hooking-virus\api hooking\api hooking\debug\api hooking.tlog\link.write.1.tlog
